[2026-02-27--23-16-53 INFO actix_server::builder] starting 5 workers
[2026-02-27--23-16-53 INFO actix_server::server] Tokio runtime found; starting in existing Tokio runtime
[2026-02-27--23-16-53 INFO actix_server::server] starting service: "actix-web-service-127.0.0.1:18488", workers: 5, listening on: 127.0.0.1:18488
[2026-02-27--23-16-53 INFO parity_ws] Listening for new connections on 127.0.0.1:8900.
[2026-02-27--23-16-55 INFO txtx::svm::deploy_program] [Recovery Instructions] - An ephemeral authority account will be created and funded to write to the buffer account.
[2026-02-27--23-16-55 INFO txtx::svm::deploy_program] [Recovery Instructions] - Please save the following information in case the deployment fails and the account needs to be recovered:
[2026-02-27--23-16-55 INFO txtx::svm::deploy_program] [Recovery Instructions] - Ephemeral authority public key: 4DUSqrGPs9JovrVjP9gCe8VVsaWBx4xAtdsNuCXxCLqV
[2026-02-27--23-16-55 INFO txtx::svm::deploy_program] [Recovery Instructions] - Ephemeral authority secret key: [83, 253, 61, 171, 173, 17, 3, 64, 221, 153, 78, 91, 118, 100, 67, 34, 97, 227, 170, 159, 141, 169, 217, 127, 143, 158, 218, 31, 176, 123, 191, 219, 47, 197, 16, 50, 231, 100, 88, 187, 42, 29, 194, 133, 155, 42, 61, 204, 102, 115, 13, 63, 168, 88, 14, 235, 169, 44, 21, 83, 13, 185, 195, 80]
[2026-02-27--23-16-55 INFO txtx::svm::deploy_program] Account Created - Ephemeral authority account created and funded to write to buffer
[2026-02-27--23-16-55 INFO txtx::svm::deploy_program] [Recovery Instructions] - Creating program buffer account at pubkey 7dwoNYQDUwX89yAEjBKWfqGBwFX8gts7rrM7QNcsHm9L
[2026-02-27--23-16-55 INFO txtx::svm::deploy_program] Account Created - Program buffer account created
[2026-02-27--23-16-59 INFO txtx::svm::deploy_program] Buffer Ready - Writing to buffer account is complete
[2026-02-27--23-17-00 INFO txtx::svm::deploy_program] Program Created - Program AjNBZRCm6jsPjPRiZ3hbAitg9KEgCYqKmGm675Fpi6XU has been deployed
[2026-02-27--23-17-01 INFO txtx::svm::deploy_program] Complete - Ephemeral authority account closed and leftover funds returned to payer
[2026-02-27--23-17-59 INFO actix_server::accept] accept thread stopped
[2026-02-27--23-17-59 INFO actix_server::worker] shutting down idle worker
[2026-02-27--23-17-59 INFO actix_server::worker] shutting down idle worker
[2026-02-27--23-17-59 INFO actix_server::worker] shutting down idle worker
[2026-02-27--23-17-59 INFO actix_server::worker] shutting down idle worker
[2026-02-27--23-17-59 INFO actix_server::worker] shutting down idle worker
